<?xml version="1.0" encoding="UTF-8"?>
<testsuite xmlns:xsi="http://www.w3.org/2001/XMLSchema-instance" xsi:noNamespaceSchemaLocation="https://maven.apache.org/surefire/maven-surefire-plugin/xsd/surefire-test-report.xsd" version="3.0.2" name="com.aszender.orders.OrdersServiceApplicationTests" time="6.656" tests="1" errors="0" skipped="0" failures="0">
  <properties>
[...]
</properties>
  <testcase name="contextLoads" classname="com.aszender.orders.OrdersServiceApplicationTests" time="0.445">
    <system-out><![CDATA[03:51:44.597 [main] INFO org.springframework.test.context.support.AnnotationConfigContextLoaderUtils -- Could not detect default configuration classes for test class [com.aszender.orders.OrdersServiceApplicationTests]: OrdersServiceApplicationTests does not declare any static, non-private, non-final, nested classes annotated with @Configuration.
03:51:44.749 [main] INFO org.springframework.boot.test.context.SpringBootTestContextBootstrapper -- Found @SpringBootConfiguration com.aszender.orders.OrdersServiceApplication for test class com.aszender.orders.OrdersServiceApplicationTests

  .   ____          _            __ _ _
 /\\ / ___'_ __ _ _(_)_ __  __ _ \ \ \ \
( ( )\___ | '_ | '_| | '_ \/ _` | \ \ \ \
 \\/  ___)| |_)| | | | | || (_| |  ) ) ) )
  '  |____| .__|_| |_|_| |_\__, | / / / /
 =========|_|==============|___/=/_/_/_/

 :: Spring Boot ::                (v4.0.1)

2026-01-15T03:51:45.233-08:00  INFO 61068 --- [orders-service] [           main] c.a.o.OrdersServiceApplicationTests      : Starting OrdersServiceApplicationTests using Java 17.0.1 with PID 61068 (started by aszender in /Users/aszender/VSCProyects/java-spring/orders-service)
2026-01-15T03:51:45.235-08:00  INFO 61068 --- [orders-service] [           main] c.a.o.OrdersServiceApplicationTests      : No active profile set, falling back to 1 default profile: "default"
2026-01-15T03:51:45.289-08:00 DEBUG 61068 --- [orders-service] [           main] o.s.w.c.s.GenericWebApplicationContext   : Refreshing org.springframework.web.context.support.GenericWebApplicationContext@47547132
2026-01-15T03:51:46.367-08:00  INFO 61068 --- [orders-service] [           main] .s.d.r.c.RepositoryConfigurationDelegate : Bootstrapping Spring Data JPA repositories in DEFAULT mode.
2026-01-15T03:51:46.432-08:00  INFO 61068 --- [orders-service] [           main] .s.d.r.c.RepositoryConfigurationDelegate : Finished Spring Data repository scanning in 52 ms. Found 1 JPA repository interface.
2026-01-15T03:51:46.957-08:00  INFO 61068 --- [orders-service] [           main] org.hibernate.orm.jpa                    : HHH008540: Processing PersistenceUnitInfo [name: default]
2026-01-15T03:51:47.033-08:00  INFO 61068 --- [orders-service] [           main] org.hibernate.orm.core                   : HHH000001: Hibernate ORM core version 7.2.0.Final
2026-01-15T03:51:47.617-08:00  INFO 61068 --- [orders-service] [           main] o.s.o.j.p.SpringPersistenceUnitInfo      : No LoadTimeWeaver setup: ignoring JPA class transformer
2026-01-15T03:51:47.658-08:00  INFO 61068 --- [orders-service] [           main] com.zaxxer.hikari.HikariDataSource       : HikariPool-1 - Starting...
2026-01-15T03:51:47.910-08:00  INFO 61068 --- [orders-service] [           main] com.zaxxer.hikari.pool.HikariPool        : HikariPool-1 - Added connection conn0: url=jdbc:h2:mem:ordersdb user=ASZENDER
2026-01-15T03:51:47.912-08:00  INFO 61068 --- [orders-service] [           main] com.zaxxer.hikari.HikariDataSource       : HikariPool-1 - Start completed.
2026-01-15T03:51:47.991-08:00  INFO 61068 --- [orders-service] [           main] org.hibernate.orm.connections.pooling    : HHH10001005: Database info:
	Database JDBC URL [jdbc:h2:mem:ordersdb]
	Database driver: H2 JDBC Driver
	Database dialect: H2Dialect
	Database version: 2.4.240
	Default catalog/schema: ORDERSDB/PUBLIC
	Autocommit mode: undefined/unknown
	Isolation level: READ_COMMITTED [default READ_COMMITTED]
	JDBC fetch size: 100
	Pool: DataSourceConnectionProvider
	Minimum pool size: undefined/unknown
	Maximum pool size: undefined/unknown
2026-01-15T03:51:49.327-08:00  INFO 61068 --- [orders-service] [           main] org.hibernate.orm.core                   : HHH000489: No JTA platform available (set 'hibernate.transaction.jta.platform' to enable JTA platform integration)
Hibernate: create table order_items (id bigint generated by default as identity, product_id bigint not null, quantity integer not null, unit_price float(53) not null, order_id bigint not null, primary key (id))
Hibernate: create table orders (id bigint generated by default as identity, created_at timestamp(6) with time zone not null, customer_name varchar(255) not null, status enum ('CANCELLED','CREATED','PAID') not null, total float(53) not null, primary key (id))
Hibernate: alter table if exists order_items add constraint FKbioxgbv59vetrxe0ejfubep1w foreign key (order_id) references orders
2026-01-15T03:51:49.407-08:00  INFO 61068 --- [orders-service] [           main] j.LocalContainerEntityManagerFactoryBean : Initialized JPA EntityManagerFactory for persistence unit 'default'
2026-01-15T03:51:49.530-08:00  INFO 61068 --- [orders-service] [           main] o.s.d.j.r.query.QueryEnhancerFactories   : Hibernate is in classpath; If applicable, HQL parser will be used.
2026-01-15T03:51:49.755-08:00  WARN 61068 --- [orders-service] [           main] JpaBaseConfiguration$JpaWebConfiguration : spring.jpa.open-in-view is enabled by default. Therefore, database queries may be performed during view rendering. Explicitly configure spring.jpa.open-in-view to disable this warning
2026-01-15T03:51:49.910-08:00  INFO 61068 --- [orders-service] [           main] r$InitializeUserDetailsManagerConfigurer : Global AuthenticationManager configured with UserDetailsService bean with name userDetailsService
2026-01-15T03:51:50.226-08:00 DEBUG 61068 --- [orders-service] [           main] s.w.s.m.m.a.RequestMappingHandlerMapping : 9 mappings in 'requestMappingHandlerMapping'
2026-01-15T03:51:50.260-08:00 DEBUG 61068 --- [orders-service] [           main] o.s.w.s.handler.SimpleUrlHandlerMapping  : Patterns [/webjars/**, /**] in 'resourceHandlerMapping'
2026-01-15T03:51:50.292-08:00 DEBUG 61068 --- [orders-service] [           main] s.w.s.m.m.a.RequestMappingHandlerAdapter : ControllerAdvice beans: 0 @ModelAttribute, 0 @InitBinder, 1 RequestBodyAdvice, 1 ResponseBodyAdvice
2026-01-15T03:51:50.346-08:00 DEBUG 61068 --- [orders-service] [           main] .m.m.a.ExceptionHandlerExceptionResolver : ControllerAdvice beans: 1 @ExceptionHandler, 1 ResponseBodyAdvice
2026-01-15T03:51:50.550-08:00  INFO 61068 --- [orders-service] [           main] c.a.o.OrdersServiceApplicationTests      : Started OrdersServiceApplicationTests in 5.619 seconds (process running for 7.246)
]]></system-out>
  </testcase>
</testsuite>